<?xml version="1.0" encoding="UTF-8"?>
<testsuite name="com.qazyj.book.springboot.web.HelloControllerTest" tests="2" skipped="0" failures="0" errors="0" timestamp="2021-12-30T13:33:43" hostname="gim-yeongjin-ui-MacBookPro.local" time="0.125">
  <properties/>
  <testcase name="hello가_리턴된다" classname="com.qazyj.book.springboot.web.HelloControllerTest" time="0.042"/>
  <testcase name="helloDto가_리턴된다" classname="com.qazyj.book.springboot.web.HelloControllerTest" time="0.083"/>
  <system-out><![CDATA[2021-12-30 22:33:42.689  INFO 52422 --- [    Test worker] .b.t.a.w.s.WebMvcTestContextBootstrapper : Neither @ContextConfiguration nor @ContextHierarchy found for test class [com.qazyj.book.springboot.web.HelloControllerTest], using SpringBootContextLoader
2021-12-30 22:33:42.690  INFO 52422 --- [    Test worker] o.s.t.c.support.AbstractContextLoader    : Could not detect default resource locations for test class [com.qazyj.book.springboot.web.HelloControllerTest]: no resource found for suffixes {-context.xml, Context.groovy}.
2021-12-30 22:33:42.691  INFO 52422 --- [    Test worker] t.c.s.AnnotationConfigContextLoaderUtils : Could not detect default configuration classes for test class [com.qazyj.book.springboot.web.HelloControllerTest]: HelloControllerTest does not declare any static, non-private, non-final, nested classes annotated with @Configuration.
2021-12-30 22:33:42.710  INFO 52422 --- [    Test worker] .b.t.c.SpringBootTestContextBootstrapper : Found @SpringBootConfiguration com.qazyj.book.springboot.Application for test class com.qazyj.book.springboot.web.HelloControllerTest
2021-12-30 22:33:42.710  INFO 52422 --- [    Test worker] .b.t.a.w.s.WebMvcTestContextBootstrapper : Loaded default TestExecutionListener class names from location [META-INF/spring.factories]: [org.springframework.security.test.context.support.WithSecurityContextTestExecutionListener, org.springframework.security.test.context.support.ReactorContextTestExecutionListener, org.springframework.boot.test.autoconfigure.restdocs.RestDocsTestExecutionListener, org.springframework.boot.test.autoconfigure.web.client.MockRestServiceServerResetTestExecutionListener, org.springframework.boot.test.autoconfigure.web.servlet.MockMvcPrintOnlyOnFailureTestExecutionListener, org.springframework.boot.test.autoconfigure.web.servlet.WebDriverTestExecutionListener, org.springframework.boot.test.mock.mockito.MockitoTestExecutionListener, org.springframework.boot.test.mock.mockito.ResetMocksTestExecutionListener, org.springframework.test.context.web.ServletTestExecutionListener, org.springframework.test.context.support.DirtiesContextBeforeModesTestExecutionListener, org.springframework.test.context.support.DependencyInjectionTestExecutionListener, org.springframework.test.context.support.DirtiesContextTestExecutionListener, org.springframework.test.context.transaction.TransactionalTestExecutionListener, org.springframework.test.context.jdbc.SqlScriptsTestExecutionListener]
2021-12-30 22:33:42.711  INFO 52422 --- [    Test worker] .b.t.a.w.s.WebMvcTestContextBootstrapper : Using TestExecutionListeners: [org.springframework.test.context.web.ServletTestExecutionListener@2a13f2a7, org.springframework.test.context.support.DirtiesContextBeforeModesTestExecutionListener@4a9817e9, org.springframework.boot.test.mock.mockito.MockitoTestExecutionListener@58d3d3ca, org.springframework.boot.test.autoconfigure.SpringBootDependencyInjectionTestExecutionListener@5865b4ce, org.springframework.test.context.support.DirtiesContextTestExecutionListener@6dd6f3af, org.springframework.test.context.transaction.TransactionalTestExecutionListener@677b86a3, org.springframework.test.context.jdbc.SqlScriptsTestExecutionListener@21f05405, org.springframework.security.test.context.support.WithSecurityContextTestExecutionListener@54465731, org.springframework.security.test.context.support.ReactorContextTestExecutionListener@ed79d9d, org.springframework.boot.test.autoconfigure.restdocs.RestDocsTestExecutionListener@35a25c7a, org.springframework.boot.test.autoconfigure.web.client.MockRestServiceServerResetTestExecutionListener@165166b7, org.springframework.boot.test.autoconfigure.web.servlet.MockMvcPrintOnlyOnFailureTestExecutionListener@70c84493, org.springframework.boot.test.autoconfigure.web.servlet.WebDriverTestExecutionListener@42c10462, org.springframework.boot.test.mock.mockito.ResetMocksTestExecutionListener@6527c1cc]

  .   ____          _            __ _ _
 /\\ / ___'_ __ _ _(_)_ __  __ _ \ \ \ \
( ( )\___ | '_ | '_| | '_ \/ _` | \ \ \ \
 \\/  ___)| |_)| | | | | || (_| |  ) ) ) )
  '  |____| .__|_| |_|_| |_\__, | / / / /
 =========|_|==============|___/=/_/_/_/
 :: Spring Boot ::        (v2.1.9.RELEASE)

2021-12-30 22:33:42.748  INFO 52422 --- [    Test worker] c.q.b.s.web.HelloControllerTest          : Starting HelloControllerTest on gim-yeongjin-ui-MacBookPro.local with PID 52422 (started by kim-yeongjin in /Users/kim-yeongjin/Desktop/KYJ/backend/spring/스프링 부트로 구현한 웹 서비스)
2021-12-30 22:33:42.749  INFO 52422 --- [    Test worker] c.q.b.s.web.HelloControllerTest          : No active profile set, falling back to default profiles: default
2021-12-30 22:33:43.073  INFO 52422 --- [    Test worker] o.s.s.concurrent.ThreadPoolTaskExecutor  : Initializing ExecutorService 'applicationTaskExecutor'
2021-12-30 22:33:43.094  INFO 52422 --- [    Test worker] o.s.b.a.w.s.WelcomePageHandlerMapping    : Adding welcome page template: index
2021-12-30 22:33:43.278  INFO 52422 --- [    Test worker] .s.s.UserDetailsServiceAutoConfiguration : 

Using generated security password: 777652be-1e09-442e-a002-6422f0a856a6

2021-12-30 22:33:43.378  INFO 52422 --- [    Test worker] o.s.s.web.DefaultSecurityFilterChain     : Creating filter chain: any request, [org.springframework.security.web.context.request.async.WebAsyncManagerIntegrationFilter@4beee367, org.springframework.security.web.context.SecurityContextPersistenceFilter@3aee8cf3, org.springframework.security.web.header.HeaderWriterFilter@5202710f, org.springframework.security.web.csrf.CsrfFilter@4b2c06c2, org.springframework.security.web.authentication.logout.LogoutFilter@5b774380, org.springframework.security.web.authentication.UsernamePasswordAuthenticationFilter@3bd91c4f, org.springframework.security.web.authentication.ui.DefaultLoginPageGeneratingFilter@1cc10abd, org.springframework.security.web.authentication.ui.DefaultLogoutPageGeneratingFilter@52e172d9, org.springframework.security.web.authentication.www.BasicAuthenticationFilter@3101f201, org.springframework.security.web.savedrequest.RequestCacheAwareFilter@3fe7a1b6, org.springframework.security.web.servletapi.SecurityContextHolderAwareRequestFilter@7eac354c, org.springframework.security.web.authentication.AnonymousAuthenticationFilter@6c4e037e, org.springframework.security.web.session.SessionManagementFilter@79b3679b, org.springframework.security.web.access.ExceptionTranslationFilter@4f3956be, org.springframework.security.web.access.intercept.FilterSecurityInterceptor@9bff5ec]
2021-12-30 22:33:43.394  INFO 52422 --- [    Test worker] o.s.b.t.m.w.SpringBootMockServletContext : Initializing Spring TestDispatcherServlet ''
2021-12-30 22:33:43.395  INFO 52422 --- [    Test worker] o.s.t.web.servlet.TestDispatcherServlet  : Initializing Servlet ''
2021-12-30 22:33:43.397  INFO 52422 --- [    Test worker] o.s.t.web.servlet.TestDispatcherServlet  : Completed initialization in 2 ms
2021-12-30 22:33:43.425  INFO 52422 --- [    Test worker] c.q.b.s.web.HelloControllerTest          : Started HelloControllerTest in 0.706 seconds (JVM running for 9.437)
]]></system-out>
  <system-err><![CDATA[]]></system-err>
</testsuite>
