<?xml version="1.0" encoding="UTF-8"?>
<testsuite name="com.qazyj.book.springboot.web.PostsApiControllerTest" tests="1" skipped="0" failures="0" errors="0" timestamp="2021-12-28T09:16:22" hostname="gim-yeongjin-ui-MacBookPro.local" time="0.623">
  <properties/>
  <testcase name="Posts_등록된다" classname="com.qazyj.book.springboot.web.PostsApiControllerTest" time="0.623"/>
  <system-out><![CDATA[18:16:15.498 [Test worker] DEBUG org.springframework.test.context.junit4.SpringJUnit4ClassRunner - SpringJUnit4ClassRunner constructor called with [class com.qazyj.book.springboot.web.PostsApiControllerTest]
18:16:15.511 [Test worker] DEBUG org.springframework.test.context.BootstrapUtils - Instantiating CacheAwareContextLoaderDelegate from class [org.springframework.test.context.cache.DefaultCacheAwareContextLoaderDelegate]
18:16:15.522 [Test worker] DEBUG org.springframework.test.context.BootstrapUtils - Instantiating BootstrapContext using constructor [public org.springframework.test.context.support.DefaultBootstrapContext(java.lang.Class,org.springframework.test.context.CacheAwareContextLoaderDelegate)]
18:16:15.543 [Test worker] DEBUG org.springframework.test.context.BootstrapUtils - Instantiating TestContextBootstrapper for test class [com.qazyj.book.springboot.web.PostsApiControllerTest] from class [org.springframework.boot.test.context.SpringBootTestContextBootstrapper]
18:16:15.564 [Test worker] INFO org.springframework.boot.test.context.SpringBootTestContextBootstrapper - Neither @ContextConfiguration nor @ContextHierarchy found for test class [com.qazyj.book.springboot.web.PostsApiControllerTest], using SpringBootContextLoader
18:16:15.569 [Test worker] DEBUG org.springframework.test.context.support.AbstractContextLoader - Did not detect default resource location for test class [com.qazyj.book.springboot.web.PostsApiControllerTest]: class path resource [com/qazyj/book/springboot/web/PostsApiControllerTest-context.xml] does not exist
18:16:15.570 [Test worker] DEBUG org.springframework.test.context.support.AbstractContextLoader - Did not detect default resource location for test class [com.qazyj.book.springboot.web.PostsApiControllerTest]: class path resource [com/qazyj/book/springboot/web/PostsApiControllerTestContext.groovy] does not exist
18:16:15.570 [Test worker] INFO org.springframework.test.context.support.AbstractContextLoader - Could not detect default resource locations for test class [com.qazyj.book.springboot.web.PostsApiControllerTest]: no resource found for suffixes {-context.xml, Context.groovy}.
18:16:15.572 [Test worker] INFO org.springframework.test.context.support.AnnotationConfigContextLoaderUtils - Could not detect default configuration classes for test class [com.qazyj.book.springboot.web.PostsApiControllerTest]: PostsApiControllerTest does not declare any static, non-private, non-final, nested classes annotated with @Configuration.
18:16:15.630 [Test worker] DEBUG org.springframework.test.context.support.ActiveProfilesUtils - Could not find an 'annotation declaring class' for annotation type [org.springframework.test.context.ActiveProfiles] and class [com.qazyj.book.springboot.web.PostsApiControllerTest]
18:16:15.743 [Test worker] DEBUG org.springframework.context.annotation.ClassPathScanningCandidateComponentProvider - Identified candidate component class: file [/Users/kim-yeongjin/Desktop/KYJ/backend/spring/스프링 부트로 구현한 웹 서비스/build/classes/java/main/com/qazyj/book/springboot/Application.class]
18:16:15.744 [Test worker] INFO org.springframework.boot.test.context.SpringBootTestContextBootstrapper - Found @SpringBootConfiguration com.qazyj.book.springboot.Application for test class com.qazyj.book.springboot.web.PostsApiControllerTest
18:16:15.853 [Test worker] DEBUG org.springframework.boot.test.context.SpringBootTestContextBootstrapper - @TestExecutionListeners is not present for class [com.qazyj.book.springboot.web.PostsApiControllerTest]: using defaults.
18:16:15.854 [Test worker] INFO org.springframework.boot.test.context.SpringBootTestContextBootstrapper - Loaded default TestExecutionListener class names from location [META-INF/spring.factories]: [org.springframework.boot.test.autoconfigure.restdocs.RestDocsTestExecutionListener, org.springframework.boot.test.autoconfigure.web.client.MockRestServiceServerResetTestExecutionListener, org.springframework.boot.test.autoconfigure.web.servlet.MockMvcPrintOnlyOnFailureTestExecutionListener, org.springframework.boot.test.autoconfigure.web.servlet.WebDriverTestExecutionListener, org.springframework.boot.test.mock.mockito.MockitoTestExecutionListener, org.springframework.boot.test.mock.mockito.ResetMocksTestExecutionListener, org.springframework.test.context.web.ServletTestExecutionListener, org.springframework.test.context.support.DirtiesContextBeforeModesTestExecutionListener, org.springframework.test.context.support.DependencyInjectionTestExecutionListener, org.springframework.test.context.support.DirtiesContextTestExecutionListener, org.springframework.test.context.transaction.TransactionalTestExecutionListener, org.springframework.test.context.jdbc.SqlScriptsTestExecutionListener]
18:16:15.878 [Test worker] INFO org.springframework.boot.test.context.SpringBootTestContextBootstrapper - Using TestExecutionListeners: [org.springframework.test.context.web.ServletTestExecutionListener@12956cf0, org.springframework.test.context.support.DirtiesContextBeforeModesTestExecutionListener@10864a1c, org.springframework.boot.test.mock.mockito.MockitoTestExecutionListener@67715898, org.springframework.boot.test.autoconfigure.SpringBootDependencyInjectionTestExecutionListener@1bb81952, org.springframework.test.context.support.DirtiesContextTestExecutionListener@22f31439, org.springframework.test.context.transaction.TransactionalTestExecutionListener@76cd1, org.springframework.test.context.jdbc.SqlScriptsTestExecutionListener@6d5f41d1, org.springframework.boot.test.autoconfigure.restdocs.RestDocsTestExecutionListener@3676a7a1, org.springframework.boot.test.autoconfigure.web.client.MockRestServiceServerResetTestExecutionListener@c9e3f8a, org.springframework.boot.test.autoconfigure.web.servlet.MockMvcPrintOnlyOnFailureTestExecutionListener@37c4bb2c, org.springframework.boot.test.autoconfigure.web.servlet.WebDriverTestExecutionListener@208225cc, org.springframework.boot.test.mock.mockito.ResetMocksTestExecutionListener@23cac5d2]
18:16:15.883 [Test worker] DEBUG org.springframework.test.annotation.ProfileValueUtils - Retrieved @ProfileValueSourceConfiguration [null] for test class [com.qazyj.book.springboot.web.PostsApiControllerTest]
18:16:15.883 [Test worker] DEBUG org.springframework.test.annotation.ProfileValueUtils - Retrieved ProfileValueSource type [class org.springframework.test.annotation.SystemProfileValueSource] for class [com.qazyj.book.springboot.web.PostsApiControllerTest]
18:16:15.888 [Test worker] DEBUG org.springframework.test.annotation.ProfileValueUtils - Retrieved @ProfileValueSourceConfiguration [null] for test class [com.qazyj.book.springboot.web.PostsApiControllerTest]
18:16:15.888 [Test worker] DEBUG org.springframework.test.annotation.ProfileValueUtils - Retrieved ProfileValueSource type [class org.springframework.test.annotation.SystemProfileValueSource] for class [com.qazyj.book.springboot.web.PostsApiControllerTest]
18:16:15.888 [Test worker] DEBUG org.springframework.test.annotation.ProfileValueUtils - Retrieved @ProfileValueSourceConfiguration [null] for test class [com.qazyj.book.springboot.web.PostsApiControllerTest]
18:16:15.888 [Test worker] DEBUG org.springframework.test.annotation.ProfileValueUtils - Retrieved ProfileValueSource type [class org.springframework.test.annotation.SystemProfileValueSource] for class [com.qazyj.book.springboot.web.PostsApiControllerTest]
18:16:15.892 [Test worker] DEBUG org.springframework.test.context.support.AbstractDirtiesContextTestExecutionListener - Before test class: context [DefaultTestContext@1df52985 testClass = PostsApiControllerTest, testInstance = [null], testMethod = [null], testException = [null], mergedContextConfiguration = [WebMergedContextConfiguration@1eb8739b testClass = PostsApiControllerTest, locations = '{}', classes = '{class com.qazyj.book.springboot.Application}', contextInitializerClasses = '[]', activeProfiles = '{}', propertySourceLocations = '{}', propertySourceProperties = '{org.springframework.boot.test.context.SpringBootTestContextBootstrapper=true, server.port=0}', contextCustomizers = set[org.springframework.boot.test.autoconfigure.properties.PropertyMappingContextCustomizer@0, org.springframework.boot.test.autoconfigure.web.servlet.WebDriverContextCustomizerFactory$Customizer@2119f03a, org.springframework.boot.test.context.filter.ExcludeFilterContextCustomizer@1b3d479a, org.springframework.boot.test.json.DuplicateJsonObjectContextCustomizerFactory$DuplicateJsonObjectContextCustomizer@3ad84e29, org.springframework.boot.test.mock.mockito.MockitoContextCustomizer@0, org.springframework.boot.test.web.client.TestRestTemplateContextCustomizer@78faeda6], resourceBasePath = 'src/main/webapp', contextLoader = 'org.springframework.boot.test.context.SpringBootContextLoader', parent = [null]], attributes = map['org.springframework.test.context.web.ServletTestExecutionListener.activateListener' -> false]], class annotated with @DirtiesContext [false] with mode [null].
18:16:15.893 [Test worker] DEBUG org.springframework.test.annotation.ProfileValueUtils - Retrieved @ProfileValueSourceConfiguration [null] for test class [com.qazyj.book.springboot.web.PostsApiControllerTest]
18:16:15.893 [Test worker] DEBUG org.springframework.test.annotation.ProfileValueUtils - Retrieved ProfileValueSource type [class org.springframework.test.annotation.SystemProfileValueSource] for class [com.qazyj.book.springboot.web.PostsApiControllerTest]
18:16:15.899 [Test worker] DEBUG org.springframework.test.context.support.DependencyInjectionTestExecutionListener - Performing dependency injection for test context [[DefaultTestContext@1df52985 testClass = PostsApiControllerTest, testInstance = com.qazyj.book.springboot.web.PostsApiControllerTest@1fc2e584, testMethod = [null], testException = [null], mergedContextConfiguration = [WebMergedContextConfiguration@1eb8739b testClass = PostsApiControllerTest, locations = '{}', classes = '{class com.qazyj.book.springboot.Application}', contextInitializerClasses = '[]', activeProfiles = '{}', propertySourceLocations = '{}', propertySourceProperties = '{org.springframework.boot.test.context.SpringBootTestContextBootstrapper=true, server.port=0}', contextCustomizers = set[org.springframework.boot.test.autoconfigure.properties.PropertyMappingContextCustomizer@0, org.springframework.boot.test.autoconfigure.web.servlet.WebDriverContextCustomizerFactory$Customizer@2119f03a, org.springframework.boot.test.context.filter.ExcludeFilterContextCustomizer@1b3d479a, org.springframework.boot.test.json.DuplicateJsonObjectContextCustomizerFactory$DuplicateJsonObjectContextCustomizer@3ad84e29, org.springframework.boot.test.mock.mockito.MockitoContextCustomizer@0, org.springframework.boot.test.web.client.TestRestTemplateContextCustomizer@78faeda6], resourceBasePath = 'src/main/webapp', contextLoader = 'org.springframework.boot.test.context.SpringBootContextLoader', parent = [null]], attributes = map['org.springframework.test.context.web.ServletTestExecutionListener.activateListener' -> false]]].
18:16:15.939 [Test worker] DEBUG org.springframework.test.context.support.TestPropertySourceUtils - Adding inlined properties to environment: {spring.jmx.enabled=false, org.springframework.boot.test.context.SpringBootTestContextBootstrapper=true, server.port=0}

  .   ____          _            __ _ _
 /\\ / ___'_ __ _ _(_)_ __  __ _ \ \ \ \
( ( )\___ | '_ | '_| | '_ \/ _` | \ \ \ \
 \\/  ___)| |_)| | | | | || (_| |  ) ) ) )
  '  |____| .__|_| |_|_| |_\__, | / / / /
 =========|_|==============|___/=/_/_/_/
 :: Spring Boot ::        (v2.1.9.RELEASE)

2021-12-28 18:16:16.324  INFO 38748 --- [    Test worker] c.q.b.s.web.PostsApiControllerTest       : Starting PostsApiControllerTest on gim-yeongjin-ui-MacBookPro.local with PID 38748 (started by kim-yeongjin in /Users/kim-yeongjin/Desktop/KYJ/backend/spring/스프링 부트로 구현한 웹 서비스)
2021-12-28 18:16:16.325  INFO 38748 --- [    Test worker] c.q.b.s.web.PostsApiControllerTest       : No active profile set, falling back to default profiles: default
2021-12-28 18:16:17.022  INFO 38748 --- [    Test worker] .s.d.r.c.RepositoryConfigurationDelegate : Bootstrapping Spring Data repositories in DEFAULT mode.
2021-12-28 18:16:17.117  INFO 38748 --- [    Test worker] .s.d.r.c.RepositoryConfigurationDelegate : Finished Spring Data repository scanning in 81ms. Found 1 repository interfaces.
2021-12-28 18:16:17.494  INFO 38748 --- [    Test worker] trationDelegate$BeanPostProcessorChecker : Bean 'org.springframework.transaction.annotation.ProxyTransactionManagementConfiguration' of type [org.springframework.transaction.annotation.ProxyTransactionManagementConfiguration$$EnhancerBySpringCGLIB$$b1f9e4fe] is not eligible for getting processed by all BeanPostProcessors (for example: not eligible for auto-proxying)
2021-12-28 18:16:17.902  INFO 38748 --- [    Test worker] o.s.b.w.embedded.tomcat.TomcatWebServer  : Tomcat initialized with port(s): 0 (http)
2021-12-28 18:16:17.938  INFO 38748 --- [    Test worker] o.apache.catalina.core.StandardService   : Starting service [Tomcat]
2021-12-28 18:16:17.938  INFO 38748 --- [    Test worker] org.apache.catalina.core.StandardEngine  : Starting Servlet engine: [Apache Tomcat/9.0.26]
2021-12-28 18:16:18.109  INFO 38748 --- [    Test worker] o.a.c.c.C.[Tomcat].[localhost].[/]       : Initializing Spring embedded WebApplicationContext
2021-12-28 18:16:18.110  INFO 38748 --- [    Test worker] o.s.web.context.ContextLoader            : Root WebApplicationContext: initialization completed in 1766 ms
2021-12-28 18:16:18.444  INFO 38748 --- [    Test worker] com.zaxxer.hikari.HikariDataSource       : HikariPool-1 - Starting...
2021-12-28 18:16:18.761  INFO 38748 --- [    Test worker] com.zaxxer.hikari.HikariDataSource       : HikariPool-1 - Start completed.
2021-12-28 18:16:18.911  INFO 38748 --- [    Test worker] o.hibernate.jpa.internal.util.LogHelper  : HHH000204: Processing PersistenceUnitInfo [
	name: default
	...]
2021-12-28 18:16:19.077  INFO 38748 --- [    Test worker] org.hibernate.Version                    : HHH000412: Hibernate Core {5.3.12.Final}
2021-12-28 18:16:19.080  INFO 38748 --- [    Test worker] org.hibernate.cfg.Environment            : HHH000206: hibernate.properties not found
2021-12-28 18:16:19.442  INFO 38748 --- [    Test worker] o.hibernate.annotations.common.Version   : HCANN000001: Hibernate Commons Annotations {5.0.4.Final}
2021-12-28 18:16:19.737  INFO 38748 --- [    Test worker] org.hibernate.dialect.Dialect            : HHH000400: Using dialect: org.hibernate.dialect.MySQL5InnoDBDialect
Hibernate: drop table if exists posts
Hibernate: create table posts (id bigint not null auto_increment, author varchar(255), content TEXT not null, title varchar(500) not null, primary key (id)) engine=InnoDB
2021-12-28 18:16:20.677  INFO 38748 --- [    Test worker] o.h.t.schema.internal.SchemaCreatorImpl  : HHH000476: Executing import script 'org.hibernate.tool.schema.internal.exec.ScriptSourceInputNonExistentImpl@7d10fb44'
2021-12-28 18:16:20.681  INFO 38748 --- [    Test worker] j.LocalContainerEntityManagerFactoryBean : Initialized JPA EntityManagerFactory for persistence unit 'default'
2021-12-28 18:16:21.025  INFO 38748 --- [    Test worker] o.h.h.i.QueryTranslatorFactoryInitiator  : HHH000397: Using ASTQueryTranslatorFactory
2021-12-28 18:16:21.555  INFO 38748 --- [    Test worker] o.s.s.concurrent.ThreadPoolTaskExecutor  : Initializing ExecutorService 'applicationTaskExecutor'
2021-12-28 18:16:21.629  WARN 38748 --- [    Test worker] aWebConfiguration$JpaWebMvcConfiguration : spring.jpa.open-in-view is enabled by default. Therefore, database queries may be performed during view rendering. Explicitly configure spring.jpa.open-in-view to disable this warning
2021-12-28 18:16:21.995  INFO 38748 --- [    Test worker] o.s.b.w.embedded.tomcat.TomcatWebServer  : Tomcat started on port(s): 55697 (http) with context path ''
2021-12-28 18:16:21.998  INFO 38748 --- [    Test worker] c.q.b.s.web.PostsApiControllerTest       : Started PostsApiControllerTest in 6.056 seconds (JVM running for 7.225)
2021-12-28 18:16:22.325  INFO 38748 --- [o-auto-1-exec-1] o.a.c.c.C.[Tomcat].[localhost].[/]       : Initializing Spring DispatcherServlet 'dispatcherServlet'
2021-12-28 18:16:22.326  INFO 38748 --- [o-auto-1-exec-1] o.s.web.servlet.DispatcherServlet        : Initializing Servlet 'dispatcherServlet'
2021-12-28 18:16:22.346  INFO 38748 --- [o-auto-1-exec-1] o.s.web.servlet.DispatcherServlet        : Completed initialization in 20 ms
Hibernate: insert into posts (author, content, title) values (?, ?, ?)
Hibernate: select posts0_.id as id1_0_, posts0_.author as author2_0_, posts0_.content as content3_0_, posts0_.title as title4_0_ from posts posts0_
Hibernate: select posts0_.id as id1_0_, posts0_.author as author2_0_, posts0_.content as content3_0_, posts0_.title as title4_0_ from posts posts0_
Hibernate: delete from posts where id=?
]]></system-out>
  <system-err><![CDATA[]]></system-err>
</testsuite>
