<?xml version="1.0" encoding="UTF-8"?>
<testsuite name="com.qazyj.book.springboot.domain.posts.PostsRepositoryTest" tests="2" skipped="0" failures="0" errors="0" timestamp="2021-12-30T13:33:45" hostname="gim-yeongjin-ui-MacBookPro.local" time="0.065">
  <properties/>
  <testcase name="게시글저장_불러오기" classname="com.qazyj.book.springboot.domain.posts.PostsRepositoryTest" time="0.039"/>
  <testcase name="BaseTimeEntity_등록" classname="com.qazyj.book.springboot.domain.posts.PostsRepositoryTest" time="0.024"/>
  <system-out><![CDATA[2021-12-30 22:33:43.802  INFO 52422 --- [    Test worker] .b.t.c.SpringBootTestContextBootstrapper : Neither @ContextConfiguration nor @ContextHierarchy found for test class [com.qazyj.book.springboot.domain.posts.PostsRepositoryTest], using SpringBootContextLoader
2021-12-30 22:33:43.802  INFO 52422 --- [    Test worker] o.s.t.c.support.AbstractContextLoader    : Could not detect default resource locations for test class [com.qazyj.book.springboot.domain.posts.PostsRepositoryTest]: no resource found for suffixes {-context.xml, Context.groovy}.
2021-12-30 22:33:43.802  INFO 52422 --- [    Test worker] t.c.s.AnnotationConfigContextLoaderUtils : Could not detect default configuration classes for test class [com.qazyj.book.springboot.domain.posts.PostsRepositoryTest]: PostsRepositoryTest does not declare any static, non-private, non-final, nested classes annotated with @Configuration.
2021-12-30 22:33:43.811  INFO 52422 --- [    Test worker] .b.t.c.SpringBootTestContextBootstrapper : Found @SpringBootConfiguration com.qazyj.book.springboot.Application for test class com.qazyj.book.springboot.domain.posts.PostsRepositoryTest
2021-12-30 22:33:43.813  INFO 52422 --- [    Test worker] .b.t.c.SpringBootTestContextBootstrapper : Loaded default TestExecutionListener class names from location [META-INF/spring.factories]: [org.springframework.security.test.context.support.WithSecurityContextTestExecutionListener, org.springframework.security.test.context.support.ReactorContextTestExecutionListener, org.springframework.boot.test.autoconfigure.restdocs.RestDocsTestExecutionListener, org.springframework.boot.test.autoconfigure.web.client.MockRestServiceServerResetTestExecutionListener, org.springframework.boot.test.autoconfigure.web.servlet.MockMvcPrintOnlyOnFailureTestExecutionListener, org.springframework.boot.test.autoconfigure.web.servlet.WebDriverTestExecutionListener, org.springframework.boot.test.mock.mockito.MockitoTestExecutionListener, org.springframework.boot.test.mock.mockito.ResetMocksTestExecutionListener, org.springframework.test.context.web.ServletTestExecutionListener, org.springframework.test.context.support.DirtiesContextBeforeModesTestExecutionListener, org.springframework.test.context.support.DependencyInjectionTestExecutionListener, org.springframework.test.context.support.DirtiesContextTestExecutionListener, org.springframework.test.context.transaction.TransactionalTestExecutionListener, org.springframework.test.context.jdbc.SqlScriptsTestExecutionListener]
2021-12-30 22:33:43.813  INFO 52422 --- [    Test worker] .b.t.c.SpringBootTestContextBootstrapper : Using TestExecutionListeners: [org.springframework.test.context.web.ServletTestExecutionListener@2bb250e3, org.springframework.test.context.support.DirtiesContextBeforeModesTestExecutionListener@1101fb1d, org.springframework.boot.test.mock.mockito.MockitoTestExecutionListener@282ecc50, org.springframework.boot.test.autoconfigure.SpringBootDependencyInjectionTestExecutionListener@2a68c399, org.springframework.test.context.support.DirtiesContextTestExecutionListener@13e4ab7f, org.springframework.test.context.transaction.TransactionalTestExecutionListener@da3630d, org.springframework.test.context.jdbc.SqlScriptsTestExecutionListener@533172a5, org.springframework.security.test.context.support.WithSecurityContextTestExecutionListener@3fa90751, org.springframework.security.test.context.support.ReactorContextTestExecutionListener@920fc88, org.springframework.boot.test.autoconfigure.restdocs.RestDocsTestExecutionListener@1f0d5daa, org.springframework.boot.test.autoconfigure.web.client.MockRestServiceServerResetTestExecutionListener@4771a0b4, org.springframework.boot.test.autoconfigure.web.servlet.MockMvcPrintOnlyOnFailureTestExecutionListener@3015a484, org.springframework.boot.test.autoconfigure.web.servlet.WebDriverTestExecutionListener@3e5fdab2, org.springframework.boot.test.mock.mockito.ResetMocksTestExecutionListener@4bca20de]

  .   ____          _            __ _ _
 /\\ / ___'_ __ _ _(_)_ __  __ _ \ \ \ \
( ( )\___ | '_ | '_| | '_ \/ _` | \ \ \ \
 \\/  ___)| |_)| | | | | || (_| |  ) ) ) )
  '  |____| .__|_| |_|_| |_\__, | / / / /
 =========|_|==============|___/=/_/_/_/
 :: Spring Boot ::        (v2.1.9.RELEASE)

2021-12-30 22:33:43.831  INFO 52422 --- [    Test worker] c.q.b.s.d.posts.PostsRepositoryTest      : Starting PostsRepositoryTest on gim-yeongjin-ui-MacBookPro.local with PID 52422 (started by kim-yeongjin in /Users/kim-yeongjin/Desktop/KYJ/backend/spring/스프링 부트로 구현한 웹 서비스)
2021-12-30 22:33:43.832  INFO 52422 --- [    Test worker] c.q.b.s.d.posts.PostsRepositoryTest      : No active profile set, falling back to default profiles: default
2021-12-30 22:33:44.017  INFO 52422 --- [    Test worker] .s.d.r.c.RepositoryConfigurationDelegate : Bootstrapping Spring Data repositories in DEFAULT mode.
2021-12-30 22:33:44.034  INFO 52422 --- [    Test worker] .s.d.r.c.RepositoryConfigurationDelegate : Finished Spring Data repository scanning in 17ms. Found 2 repository interfaces.
2021-12-30 22:33:44.132  INFO 52422 --- [    Test worker] trationDelegate$BeanPostProcessorChecker : Bean 'org.springframework.transaction.annotation.ProxyTransactionManagementConfiguration' of type [org.springframework.transaction.annotation.ProxyTransactionManagementConfiguration$$EnhancerBySpringCGLIB$$293b6a93] is not eligible for getting processed by all BeanPostProcessors (for example: not eligible for auto-proxying)
2021-12-30 22:33:44.205  INFO 52422 --- [    Test worker] com.zaxxer.hikari.HikariDataSource       : HikariPool-2 - Starting...
2021-12-30 22:33:44.206  INFO 52422 --- [    Test worker] com.zaxxer.hikari.HikariDataSource       : HikariPool-2 - Start completed.
2021-12-30 22:33:44.226  INFO 52422 --- [    Test worker] o.hibernate.jpa.internal.util.LogHelper  : HHH000204: Processing PersistenceUnitInfo [
	name: default
	...]
2021-12-30 22:33:44.234  INFO 52422 --- [    Test worker] org.hibernate.dialect.Dialect            : HHH000400: Using dialect: org.hibernate.dialect.MySQL5InnoDBDialect
Hibernate: drop table if exists posts
Hibernate: drop table if exists user
Hibernate: create table posts (id bigint not null auto_increment, created_date datetime, modified_date datetime, author varchar(255), content TEXT not null, title varchar(500) not null, primary key (id)) engine=InnoDB
Hibernate: create table user (id bigint not null auto_increment, created_date datetime, modified_date datetime, email varchar(255) not null, name varchar(255) not null, picture varchar(255), role varchar(255) not null, primary key (id)) engine=InnoDB
2021-12-30 22:33:44.274  INFO 52422 --- [    Test worker] o.h.t.schema.internal.SchemaCreatorImpl  : HHH000476: Executing import script 'org.hibernate.tool.schema.internal.exec.ScriptSourceInputNonExistentImpl@42dc2ee'
2021-12-30 22:33:44.274  INFO 52422 --- [    Test worker] j.LocalContainerEntityManagerFactoryBean : Initialized JPA EntityManagerFactory for persistence unit 'default'
2021-12-30 22:33:44.443  INFO 52422 --- [    Test worker] o.h.h.i.QueryTranslatorFactoryInitiator  : HHH000397: Using ASTQueryTranslatorFactory
2021-12-30 22:33:44.555  INFO 52422 --- [    Test worker] o.s.s.web.DefaultSecurityFilterChain     : Creating filter chain: any request, [org.springframework.security.web.context.request.async.WebAsyncManagerIntegrationFilter@76dcc755, org.springframework.security.web.context.SecurityContextPersistenceFilter@709d88cf, org.springframework.security.web.header.HeaderWriterFilter@33fccf90, org.springframework.security.web.authentication.logout.LogoutFilter@30c4e2e2, org.springframework.security.oauth2.client.web.OAuth2AuthorizationRequestRedirectFilter@50f004aa, org.springframework.security.oauth2.client.web.OAuth2LoginAuthenticationFilter@7c725270, org.springframework.security.web.authentication.ui.DefaultLoginPageGeneratingFilter@2c83dc4d, org.springframework.security.web.authentication.ui.DefaultLogoutPageGeneratingFilter@565eb514, org.springframework.security.web.savedrequest.RequestCacheAwareFilter@6728ddf4, org.springframework.security.web.servletapi.SecurityContextHolderAwareRequestFilter@32fd1ece, org.springframework.security.web.authentication.AnonymousAuthenticationFilter@6db2e21, org.springframework.security.web.session.SessionManagementFilter@21c7e4f8, org.springframework.security.web.access.ExceptionTranslationFilter@742c71d1, org.springframework.security.web.access.intercept.FilterSecurityInterceptor@3d47ec4]
2021-12-30 22:33:44.781  INFO 52422 --- [    Test worker] o.s.s.concurrent.ThreadPoolTaskExecutor  : Initializing ExecutorService 'applicationTaskExecutor'
2021-12-30 22:33:44.794  WARN 52422 --- [    Test worker] aWebConfiguration$JpaWebMvcConfiguration : spring.jpa.open-in-view is enabled by default. Therefore, database queries may be performed during view rendering. Explicitly configure spring.jpa.open-in-view to disable this warning
2021-12-30 22:33:44.821  INFO 52422 --- [    Test worker] o.s.b.a.w.s.WelcomePageHandlerMapping    : Adding welcome page template: index
2021-12-30 22:33:45.147  INFO 52422 --- [    Test worker] s.a.ScheduledAnnotationBeanPostProcessor : No TaskScheduler/ScheduledExecutorService bean found for scheduled processing
2021-12-30 22:33:45.149  INFO 52422 --- [    Test worker] c.q.b.s.d.posts.PostsRepositoryTest      : Started PostsRepositoryTest in 1.334 seconds (JVM running for 11.161)
Hibernate: insert into posts (created_date, modified_date, author, content, title) values (?, ?, ?, ?, ?)
Hibernate: select posts0_.id as id1_0_, posts0_.created_date as created_2_0_, posts0_.modified_date as modified3_0_, posts0_.author as author4_0_, posts0_.content as content5_0_, posts0_.title as title6_0_ from posts posts0_
Hibernate: select posts0_.id as id1_0_, posts0_.created_date as created_2_0_, posts0_.modified_date as modified3_0_, posts0_.author as author4_0_, posts0_.content as content5_0_, posts0_.title as title6_0_ from posts posts0_
Hibernate: delete from posts where id=?
Hibernate: insert into posts (created_date, modified_date, author, content, title) values (?, ?, ?, ?, ?)
Hibernate: select posts0_.id as id1_0_, posts0_.created_date as created_2_0_, posts0_.modified_date as modified3_0_, posts0_.author as author4_0_, posts0_.content as content5_0_, posts0_.title as title6_0_ from posts posts0_
>>>>>>>>> createDate=2021-12-30T22:33:45.227598, modifiedDate=2021-12-30T22:33:45.227598
Hibernate: select posts0_.id as id1_0_, posts0_.created_date as created_2_0_, posts0_.modified_date as modified3_0_, posts0_.author as author4_0_, posts0_.content as content5_0_, posts0_.title as title6_0_ from posts posts0_
Hibernate: delete from posts where id=?
]]></system-out>
  <system-err><![CDATA[]]></system-err>
</testsuite>
