<?xml version="1.0" encoding="UTF-8"?>
<testsuite name="com.qazyj.book.springboot.web.dto.HelloResponseDtoTest" tests="1" skipped="0" failures="0" errors="0" timestamp="2021-12-30T13:11:41" hostname="gim-yeongjin-ui-MacBookPro.local" time="0.003">
  <properties/>
  <testcase name="롬복_기능_테스트" classname="com.qazyj.book.springboot.web.dto.HelloResponseDtoTest" time="0.003"/>
  <system-out><![CDATA[]]></system-out>
  <system-err><![CDATA[]]></system-err>
</testsuite>
