<?xml version="1.0" encoding="UTF-8"?>
<testsuite name="com.qazyj.book.springboot.domain.posts.PostsRepositoryTest" tests="1" skipped="0" failures="0" errors="0" timestamp="2021-12-28T07:56:48" hostname="gim-yeongjin-ui-MacBookPro.local" time="0.301">
  <properties/>
  <testcase name="게시글저장_불러오기" classname="com.qazyj.book.springboot.domain.posts.PostsRepositoryTest" time="0.301"/>
  <system-out><![CDATA[16:56:43.619 [Test worker] DEBUG org.springframework.test.context.junit4.SpringJUnit4ClassRunner - SpringJUnit4ClassRunner constructor called with [class com.qazyj.book.springboot.domain.posts.PostsRepositoryTest]
16:56:43.628 [Test worker] DEBUG org.springframework.test.context.BootstrapUtils - Instantiating CacheAwareContextLoaderDelegate from class [org.springframework.test.context.cache.DefaultCacheAwareContextLoaderDelegate]
16:56:43.636 [Test worker] DEBUG org.springframework.test.context.BootstrapUtils - Instantiating BootstrapContext using constructor [public org.springframework.test.context.support.DefaultBootstrapContext(java.lang.Class,org.springframework.test.context.CacheAwareContextLoaderDelegate)]
16:56:43.655 [Test worker] DEBUG org.springframework.test.context.BootstrapUtils - Instantiating TestContextBootstrapper for test class [com.qazyj.book.springboot.domain.posts.PostsRepositoryTest] from class [org.springframework.boot.test.context.SpringBootTestContextBootstrapper]
16:56:43.666 [Test worker] INFO org.springframework.boot.test.context.SpringBootTestContextBootstrapper - Neither @ContextConfiguration nor @ContextHierarchy found for test class [com.qazyj.book.springboot.domain.posts.PostsRepositoryTest], using SpringBootContextLoader
16:56:43.669 [Test worker] DEBUG org.springframework.test.context.support.AbstractContextLoader - Did not detect default resource location for test class [com.qazyj.book.springboot.domain.posts.PostsRepositoryTest]: class path resource [com/qazyj/book/springboot/domain/posts/PostsRepositoryTest-context.xml] does not exist
16:56:43.670 [Test worker] DEBUG org.springframework.test.context.support.AbstractContextLoader - Did not detect default resource location for test class [com.qazyj.book.springboot.domain.posts.PostsRepositoryTest]: class path resource [com/qazyj/book/springboot/domain/posts/PostsRepositoryTestContext.groovy] does not exist
16:56:43.671 [Test worker] INFO org.springframework.test.context.support.AbstractContextLoader - Could not detect default resource locations for test class [com.qazyj.book.springboot.domain.posts.PostsRepositoryTest]: no resource found for suffixes {-context.xml, Context.groovy}.
16:56:43.672 [Test worker] INFO org.springframework.test.context.support.AnnotationConfigContextLoaderUtils - Could not detect default configuration classes for test class [com.qazyj.book.springboot.domain.posts.PostsRepositoryTest]: PostsRepositoryTest does not declare any static, non-private, non-final, nested classes annotated with @Configuration.
16:56:43.712 [Test worker] DEBUG org.springframework.test.context.support.ActiveProfilesUtils - Could not find an 'annotation declaring class' for annotation type [org.springframework.test.context.ActiveProfiles] and class [com.qazyj.book.springboot.domain.posts.PostsRepositoryTest]
16:56:43.782 [Test worker] DEBUG org.springframework.context.annotation.ClassPathScanningCandidateComponentProvider - Identified candidate component class: file [/Users/kim-yeongjin/Desktop/KYJ/backend/spring/스프링 부트로 구현한 웹 서비스/build/classes/java/main/com/qazyj/book/springboot/Application.class]
16:56:43.783 [Test worker] INFO org.springframework.boot.test.context.SpringBootTestContextBootstrapper - Found @SpringBootConfiguration com.qazyj.book.springboot.Application for test class com.qazyj.book.springboot.domain.posts.PostsRepositoryTest
16:56:43.873 [Test worker] DEBUG org.springframework.boot.test.context.SpringBootTestContextBootstrapper - @TestExecutionListeners is not present for class [com.qazyj.book.springboot.domain.posts.PostsRepositoryTest]: using defaults.
16:56:43.874 [Test worker] INFO org.springframework.boot.test.context.SpringBootTestContextBootstrapper - Loaded default TestExecutionListener class names from location [META-INF/spring.factories]: [org.springframework.boot.test.autoconfigure.restdocs.RestDocsTestExecutionListener, org.springframework.boot.test.autoconfigure.web.client.MockRestServiceServerResetTestExecutionListener, org.springframework.boot.test.autoconfigure.web.servlet.MockMvcPrintOnlyOnFailureTestExecutionListener, org.springframework.boot.test.autoconfigure.web.servlet.WebDriverTestExecutionListener, org.springframework.boot.test.mock.mockito.MockitoTestExecutionListener, org.springframework.boot.test.mock.mockito.ResetMocksTestExecutionListener, org.springframework.test.context.web.ServletTestExecutionListener, org.springframework.test.context.support.DirtiesContextBeforeModesTestExecutionListener, org.springframework.test.context.support.DependencyInjectionTestExecutionListener, org.springframework.test.context.support.DirtiesContextTestExecutionListener, org.springframework.test.context.transaction.TransactionalTestExecutionListener, org.springframework.test.context.jdbc.SqlScriptsTestExecutionListener]
16:56:43.887 [Test worker] INFO org.springframework.boot.test.context.SpringBootTestContextBootstrapper - Using TestExecutionListeners: [org.springframework.test.context.web.ServletTestExecutionListener@1c8d85b1, org.springframework.test.context.support.DirtiesContextBeforeModesTestExecutionListener@afa4ca6, org.springframework.boot.test.mock.mockito.MockitoTestExecutionListener@30556477, org.springframework.boot.test.autoconfigure.SpringBootDependencyInjectionTestExecutionListener@6bcb4d1a, org.springframework.test.context.support.DirtiesContextTestExecutionListener@1b9beddf, org.springframework.test.context.transaction.TransactionalTestExecutionListener@43dc1d76, org.springframework.test.context.jdbc.SqlScriptsTestExecutionListener@58b1bfa6, org.springframework.boot.test.autoconfigure.restdocs.RestDocsTestExecutionListener@69238a37, org.springframework.boot.test.autoconfigure.web.client.MockRestServiceServerResetTestExecutionListener@2d9267d9, org.springframework.boot.test.autoconfigure.web.servlet.MockMvcPrintOnlyOnFailureTestExecutionListener@e06f8b0, org.springframework.boot.test.autoconfigure.web.servlet.WebDriverTestExecutionListener@5b9f2a59, org.springframework.boot.test.mock.mockito.ResetMocksTestExecutionListener@2e98612f]
16:56:43.891 [Test worker] DEBUG org.springframework.test.annotation.ProfileValueUtils - Retrieved @ProfileValueSourceConfiguration [null] for test class [com.qazyj.book.springboot.domain.posts.PostsRepositoryTest]
16:56:43.891 [Test worker] DEBUG org.springframework.test.annotation.ProfileValueUtils - Retrieved ProfileValueSource type [class org.springframework.test.annotation.SystemProfileValueSource] for class [com.qazyj.book.springboot.domain.posts.PostsRepositoryTest]
16:56:43.895 [Test worker] DEBUG org.springframework.test.annotation.ProfileValueUtils - Retrieved @ProfileValueSourceConfiguration [null] for test class [com.qazyj.book.springboot.domain.posts.PostsRepositoryTest]
16:56:43.895 [Test worker] DEBUG org.springframework.test.annotation.ProfileValueUtils - Retrieved ProfileValueSource type [class org.springframework.test.annotation.SystemProfileValueSource] for class [com.qazyj.book.springboot.domain.posts.PostsRepositoryTest]
16:56:43.896 [Test worker] DEBUG org.springframework.test.annotation.ProfileValueUtils - Retrieved @ProfileValueSourceConfiguration [null] for test class [com.qazyj.book.springboot.domain.posts.PostsRepositoryTest]
16:56:43.896 [Test worker] DEBUG org.springframework.test.annotation.ProfileValueUtils - Retrieved ProfileValueSource type [class org.springframework.test.annotation.SystemProfileValueSource] for class [com.qazyj.book.springboot.domain.posts.PostsRepositoryTest]
16:56:43.899 [Test worker] DEBUG org.springframework.test.context.support.AbstractDirtiesContextTestExecutionListener - Before test class: context [DefaultTestContext@41925de6 testClass = PostsRepositoryTest, testInstance = [null], testMethod = [null], testException = [null], mergedContextConfiguration = [WebMergedContextConfiguration@2356cf19 testClass = PostsRepositoryTest, locations = '{}', classes = '{class com.qazyj.book.springboot.Application}', contextInitializerClasses = '[]', activeProfiles = '{}', propertySourceLocations = '{}', propertySourceProperties = '{org.springframework.boot.test.context.SpringBootTestContextBootstrapper=true}', contextCustomizers = set[org.springframework.boot.test.autoconfigure.properties.PropertyMappingContextCustomizer@0, org.springframework.boot.test.autoconfigure.web.servlet.WebDriverContextCustomizerFactory$Customizer@3cc6a958, org.springframework.boot.test.context.filter.ExcludeFilterContextCustomizer@36cd86cc, org.springframework.boot.test.json.DuplicateJsonObjectContextCustomizerFactory$DuplicateJsonObjectContextCustomizer@50a1722d, org.springframework.boot.test.mock.mockito.MockitoContextCustomizer@0, org.springframework.boot.test.web.client.TestRestTemplateContextCustomizer@6fd909a6], resourceBasePath = 'src/main/webapp', contextLoader = 'org.springframework.boot.test.context.SpringBootContextLoader', parent = [null]], attributes = map['org.springframework.test.context.web.ServletTestExecutionListener.activateListener' -> true]], class annotated with @DirtiesContext [false] with mode [null].
16:56:43.900 [Test worker] DEBUG org.springframework.test.annotation.ProfileValueUtils - Retrieved @ProfileValueSourceConfiguration [null] for test class [com.qazyj.book.springboot.domain.posts.PostsRepositoryTest]
16:56:43.900 [Test worker] DEBUG org.springframework.test.annotation.ProfileValueUtils - Retrieved ProfileValueSource type [class org.springframework.test.annotation.SystemProfileValueSource] for class [com.qazyj.book.springboot.domain.posts.PostsRepositoryTest]
16:56:43.920 [Test worker] DEBUG org.springframework.test.context.support.TestPropertySourceUtils - Adding inlined properties to environment: {spring.jmx.enabled=false, org.springframework.boot.test.context.SpringBootTestContextBootstrapper=true, server.port=-1}

  .   ____          _            __ _ _
 /\\ / ___'_ __ _ _(_)_ __  __ _ \ \ \ \
( ( )\___ | '_ | '_| | '_ \/ _` | \ \ \ \
 \\/  ___)| |_)| | | | | || (_| |  ) ) ) )
  '  |____| .__|_| |_|_| |_\__, | / / / /
 =========|_|==============|___/=/_/_/_/
 :: Spring Boot ::        (v2.1.9.RELEASE)

2021-12-28 16:56:44.355  INFO 37994 --- [    Test worker] c.q.b.s.d.posts.PostsRepositoryTest      : Starting PostsRepositoryTest on gim-yeongjin-ui-MacBookPro.local with PID 37994 (started by kim-yeongjin in /Users/kim-yeongjin/Desktop/KYJ/backend/spring/스프링 부트로 구현한 웹 서비스)
2021-12-28 16:56:44.357  INFO 37994 --- [    Test worker] c.q.b.s.d.posts.PostsRepositoryTest      : No active profile set, falling back to default profiles: default
2021-12-28 16:56:45.068  INFO 37994 --- [    Test worker] .s.d.r.c.RepositoryConfigurationDelegate : Bootstrapping Spring Data repositories in DEFAULT mode.
2021-12-28 16:56:45.151  INFO 37994 --- [    Test worker] .s.d.r.c.RepositoryConfigurationDelegate : Finished Spring Data repository scanning in 72ms. Found 1 repository interfaces.
2021-12-28 16:56:45.523  INFO 37994 --- [    Test worker] trationDelegate$BeanPostProcessorChecker : Bean 'org.springframework.transaction.annotation.ProxyTransactionManagementConfiguration' of type [org.springframework.transaction.annotation.ProxyTransactionManagementConfiguration$$EnhancerBySpringCGLIB$$e627eced] is not eligible for getting processed by all BeanPostProcessors (for example: not eligible for auto-proxying)
2021-12-28 16:56:45.730  INFO 37994 --- [    Test worker] com.zaxxer.hikari.HikariDataSource       : HikariPool-1 - Starting...
2021-12-28 16:56:45.908  INFO 37994 --- [    Test worker] com.zaxxer.hikari.HikariDataSource       : HikariPool-1 - Start completed.
2021-12-28 16:56:46.003  INFO 37994 --- [    Test worker] o.hibernate.jpa.internal.util.LogHelper  : HHH000204: Processing PersistenceUnitInfo [
	name: default
	...]
2021-12-28 16:56:46.087  INFO 37994 --- [    Test worker] org.hibernate.Version                    : HHH000412: Hibernate Core {5.3.12.Final}
2021-12-28 16:56:46.089  INFO 37994 --- [    Test worker] org.hibernate.cfg.Environment            : HHH000206: hibernate.properties not found
2021-12-28 16:56:46.302  INFO 37994 --- [    Test worker] o.hibernate.annotations.common.Version   : HCANN000001: Hibernate Commons Annotations {5.0.4.Final}
2021-12-28 16:56:46.476  INFO 37994 --- [    Test worker] org.hibernate.dialect.Dialect            : HHH000400: Using dialect: org.hibernate.dialect.MySQL5InnoDBDialect
Hibernate: drop table if exists posts
Hibernate: create table posts (id bigint not null auto_increment, author varchar(255), content TEXT not null, title varchar(500) not null, primary key (id)) engine=InnoDB
2021-12-28 16:56:47.269  INFO 37994 --- [    Test worker] o.h.t.schema.internal.SchemaCreatorImpl  : HHH000476: Executing import script 'org.hibernate.tool.schema.internal.exec.ScriptSourceInputNonExistentImpl@13344eb0'
2021-12-28 16:56:47.272  INFO 37994 --- [    Test worker] j.LocalContainerEntityManagerFactoryBean : Initialized JPA EntityManagerFactory for persistence unit 'default'
2021-12-28 16:56:48.050  INFO 37994 --- [    Test worker] o.h.h.i.QueryTranslatorFactoryInitiator  : HHH000397: Using ASTQueryTranslatorFactory
2021-12-28 16:56:48.190  INFO 37994 --- [    Test worker] o.s.s.concurrent.ThreadPoolTaskExecutor  : Initializing ExecutorService 'applicationTaskExecutor'
2021-12-28 16:56:48.248  WARN 37994 --- [    Test worker] aWebConfiguration$JpaWebMvcConfiguration : spring.jpa.open-in-view is enabled by default. Therefore, database queries may be performed during view rendering. Explicitly configure spring.jpa.open-in-view to disable this warning
2021-12-28 16:56:48.539  INFO 37994 --- [    Test worker] c.q.b.s.d.posts.PostsRepositoryTest      : Started PostsRepositoryTest in 4.609 seconds (JVM running for 5.553)
Hibernate: insert into posts (author, content, title) values (?, ?, ?)
Hibernate: select posts0_.id as id1_0_, posts0_.author as author2_0_, posts0_.content as content3_0_, posts0_.title as title4_0_ from posts posts0_
Hibernate: select posts0_.id as id1_0_, posts0_.author as author2_0_, posts0_.content as content3_0_, posts0_.title as title4_0_ from posts posts0_
Hibernate: delete from posts where id=?
]]></system-out>
  <system-err><![CDATA[]]></system-err>
</testsuite>
