<?xml version="1.0" encoding="UTF-8"?>
<testsuite name="com.qazyj.book.springboot.domain.posts.PostsRepositoryTest" tests="1" skipped="0" failures="0" errors="0" timestamp="2021-12-28T07:47:07" hostname="gim-yeongjin-ui-MacBookPro.local" time="0.266">
  <properties/>
  <testcase name="게시글저장_불러오기" classname="com.qazyj.book.springboot.domain.posts.PostsRepositoryTest" time="0.266"/>
  <system-out><![CDATA[16:47:03.651 [Test worker] DEBUG org.springframework.test.context.junit4.SpringJUnit4ClassRunner - SpringJUnit4ClassRunner constructor called with [class com.qazyj.book.springboot.domain.posts.PostsRepositoryTest]
16:47:03.661 [Test worker] DEBUG org.springframework.test.context.BootstrapUtils - Instantiating CacheAwareContextLoaderDelegate from class [org.springframework.test.context.cache.DefaultCacheAwareContextLoaderDelegate]
16:47:03.670 [Test worker] DEBUG org.springframework.test.context.BootstrapUtils - Instantiating BootstrapContext using constructor [public org.springframework.test.context.support.DefaultBootstrapContext(java.lang.Class,org.springframework.test.context.CacheAwareContextLoaderDelegate)]
16:47:03.687 [Test worker] DEBUG org.springframework.test.context.BootstrapUtils - Instantiating TestContextBootstrapper for test class [com.qazyj.book.springboot.domain.posts.PostsRepositoryTest] from class [org.springframework.boot.test.context.SpringBootTestContextBootstrapper]
16:47:03.702 [Test worker] INFO org.springframework.boot.test.context.SpringBootTestContextBootstrapper - Neither @ContextConfiguration nor @ContextHierarchy found for test class [com.qazyj.book.springboot.domain.posts.PostsRepositoryTest], using SpringBootContextLoader
16:47:03.708 [Test worker] DEBUG org.springframework.test.context.support.AbstractContextLoader - Did not detect default resource location for test class [com.qazyj.book.springboot.domain.posts.PostsRepositoryTest]: class path resource [com/qazyj/book/springboot/domain/posts/PostsRepositoryTest-context.xml] does not exist
16:47:03.709 [Test worker] DEBUG org.springframework.test.context.support.AbstractContextLoader - Did not detect default resource location for test class [com.qazyj.book.springboot.domain.posts.PostsRepositoryTest]: class path resource [com/qazyj/book/springboot/domain/posts/PostsRepositoryTestContext.groovy] does not exist
16:47:03.709 [Test worker] INFO org.springframework.test.context.support.AbstractContextLoader - Could not detect default resource locations for test class [com.qazyj.book.springboot.domain.posts.PostsRepositoryTest]: no resource found for suffixes {-context.xml, Context.groovy}.
16:47:03.711 [Test worker] INFO org.springframework.test.context.support.AnnotationConfigContextLoaderUtils - Could not detect default configuration classes for test class [com.qazyj.book.springboot.domain.posts.PostsRepositoryTest]: PostsRepositoryTest does not declare any static, non-private, non-final, nested classes annotated with @Configuration.
16:47:03.758 [Test worker] DEBUG org.springframework.test.context.support.ActiveProfilesUtils - Could not find an 'annotation declaring class' for annotation type [org.springframework.test.context.ActiveProfiles] and class [com.qazyj.book.springboot.domain.posts.PostsRepositoryTest]
16:47:03.839 [Test worker] DEBUG org.springframework.context.annotation.ClassPathScanningCandidateComponentProvider - Identified candidate component class: file [/Users/kim-yeongjin/Desktop/KYJ/backend/spring/스프링 부트로 구현한 웹 서비스/build/classes/java/main/com/qazyj/book/springboot/Application.class]
16:47:03.840 [Test worker] INFO org.springframework.boot.test.context.SpringBootTestContextBootstrapper - Found @SpringBootConfiguration com.qazyj.book.springboot.Application for test class com.qazyj.book.springboot.domain.posts.PostsRepositoryTest
16:47:03.940 [Test worker] DEBUG org.springframework.boot.test.context.SpringBootTestContextBootstrapper - @TestExecutionListeners is not present for class [com.qazyj.book.springboot.domain.posts.PostsRepositoryTest]: using defaults.
16:47:03.941 [Test worker] INFO org.springframework.boot.test.context.SpringBootTestContextBootstrapper - Loaded default TestExecutionListener class names from location [META-INF/spring.factories]: [org.springframework.boot.test.autoconfigure.restdocs.RestDocsTestExecutionListener, org.springframework.boot.test.autoconfigure.web.client.MockRestServiceServerResetTestExecutionListener, org.springframework.boot.test.autoconfigure.web.servlet.MockMvcPrintOnlyOnFailureTestExecutionListener, org.springframework.boot.test.autoconfigure.web.servlet.WebDriverTestExecutionListener, org.springframework.boot.test.mock.mockito.MockitoTestExecutionListener, org.springframework.boot.test.mock.mockito.ResetMocksTestExecutionListener, org.springframework.test.context.web.ServletTestExecutionListener, org.springframework.test.context.support.DirtiesContextBeforeModesTestExecutionListener, org.springframework.test.context.support.DependencyInjectionTestExecutionListener, org.springframework.test.context.support.DirtiesContextTestExecutionListener, org.springframework.test.context.transaction.TransactionalTestExecutionListener, org.springframework.test.context.jdbc.SqlScriptsTestExecutionListener]
16:47:03.954 [Test worker] INFO org.springframework.boot.test.context.SpringBootTestContextBootstrapper - Using TestExecutionListeners: [org.springframework.test.context.web.ServletTestExecutionListener@61d6b581, org.springframework.test.context.support.DirtiesContextBeforeModesTestExecutionListener@51b719b7, org.springframework.boot.test.mock.mockito.MockitoTestExecutionListener@3ed3a33b, org.springframework.boot.test.autoconfigure.SpringBootDependencyInjectionTestExecutionListener@1dc49d23, org.springframework.test.context.support.DirtiesContextTestExecutionListener@496a59a7, org.springframework.test.context.transaction.TransactionalTestExecutionListener@20f99b9c, org.springframework.test.context.jdbc.SqlScriptsTestExecutionListener@3102ec3, org.springframework.boot.test.autoconfigure.restdocs.RestDocsTestExecutionListener@3a048607, org.springframework.boot.test.autoconfigure.web.client.MockRestServiceServerResetTestExecutionListener@21384781, org.springframework.boot.test.autoconfigure.web.servlet.MockMvcPrintOnlyOnFailureTestExecutionListener@4df10d41, org.springframework.boot.test.autoconfigure.web.servlet.WebDriverTestExecutionListener@4f15540a, org.springframework.boot.test.mock.mockito.ResetMocksTestExecutionListener@513fc751]
16:47:03.958 [Test worker] DEBUG org.springframework.test.annotation.ProfileValueUtils - Retrieved @ProfileValueSourceConfiguration [null] for test class [com.qazyj.book.springboot.domain.posts.PostsRepositoryTest]
16:47:03.958 [Test worker] DEBUG org.springframework.test.annotation.ProfileValueUtils - Retrieved ProfileValueSource type [class org.springframework.test.annotation.SystemProfileValueSource] for class [com.qazyj.book.springboot.domain.posts.PostsRepositoryTest]
16:47:03.963 [Test worker] DEBUG org.springframework.test.annotation.ProfileValueUtils - Retrieved @ProfileValueSourceConfiguration [null] for test class [com.qazyj.book.springboot.domain.posts.PostsRepositoryTest]
16:47:03.963 [Test worker] DEBUG org.springframework.test.annotation.ProfileValueUtils - Retrieved ProfileValueSource type [class org.springframework.test.annotation.SystemProfileValueSource] for class [com.qazyj.book.springboot.domain.posts.PostsRepositoryTest]
16:47:03.963 [Test worker] DEBUG org.springframework.test.annotation.ProfileValueUtils - Retrieved @ProfileValueSourceConfiguration [null] for test class [com.qazyj.book.springboot.domain.posts.PostsRepositoryTest]
16:47:03.964 [Test worker] DEBUG org.springframework.test.annotation.ProfileValueUtils - Retrieved ProfileValueSource type [class org.springframework.test.annotation.SystemProfileValueSource] for class [com.qazyj.book.springboot.domain.posts.PostsRepositoryTest]
16:47:03.969 [Test worker] DEBUG org.springframework.test.context.support.AbstractDirtiesContextTestExecutionListener - Before test class: context [DefaultTestContext@43cd5166 testClass = PostsRepositoryTest, testInstance = [null], testMethod = [null], testException = [null], mergedContextConfiguration = [WebMergedContextConfiguration@1282357e testClass = PostsRepositoryTest, locations = '{}', classes = '{class com.qazyj.book.springboot.Application}', contextInitializerClasses = '[]', activeProfiles = '{}', propertySourceLocations = '{}', propertySourceProperties = '{org.springframework.boot.test.context.SpringBootTestContextBootstrapper=true}', contextCustomizers = set[org.springframework.boot.test.autoconfigure.properties.PropertyMappingContextCustomizer@0, org.springframework.boot.test.autoconfigure.web.servlet.WebDriverContextCustomizerFactory$Customizer@545b87e, org.springframework.boot.test.context.filter.ExcludeFilterContextCustomizer@37b43c4d, org.springframework.boot.test.json.DuplicateJsonObjectContextCustomizerFactory$DuplicateJsonObjectContextCustomizer@4d48c2f8, org.springframework.boot.test.mock.mockito.MockitoContextCustomizer@0, org.springframework.boot.test.web.client.TestRestTemplateContextCustomizer@5f200246], resourceBasePath = 'src/main/webapp', contextLoader = 'org.springframework.boot.test.context.SpringBootContextLoader', parent = [null]], attributes = map['org.springframework.test.context.web.ServletTestExecutionListener.activateListener' -> true]], class annotated with @DirtiesContext [false] with mode [null].
16:47:03.970 [Test worker] DEBUG org.springframework.test.annotation.ProfileValueUtils - Retrieved @ProfileValueSourceConfiguration [null] for test class [com.qazyj.book.springboot.domain.posts.PostsRepositoryTest]
16:47:03.970 [Test worker] DEBUG org.springframework.test.annotation.ProfileValueUtils - Retrieved ProfileValueSource type [class org.springframework.test.annotation.SystemProfileValueSource] for class [com.qazyj.book.springboot.domain.posts.PostsRepositoryTest]
16:47:03.990 [Test worker] DEBUG org.springframework.test.context.support.TestPropertySourceUtils - Adding inlined properties to environment: {spring.jmx.enabled=false, org.springframework.boot.test.context.SpringBootTestContextBootstrapper=true, server.port=-1}

  .   ____          _            __ _ _
 /\\ / ___'_ __ _ _(_)_ __  __ _ \ \ \ \
( ( )\___ | '_ | '_| | '_ \/ _` | \ \ \ \
 \\/  ___)| |_)| | | | | || (_| |  ) ) ) )
  '  |____| .__|_| |_|_| |_\__, | / / / /
 =========|_|==============|___/=/_/_/_/
 :: Spring Boot ::        (v2.1.9.RELEASE)

2021-12-28 16:47:04.244  INFO 37600 --- [    Test worker] c.q.b.s.d.posts.PostsRepositoryTest      : Starting PostsRepositoryTest on gim-yeongjin-ui-MacBookPro.local with PID 37600 (started by kim-yeongjin in /Users/kim-yeongjin/Desktop/KYJ/backend/spring/스프링 부트로 구현한 웹 서비스)
2021-12-28 16:47:04.246  INFO 37600 --- [    Test worker] c.q.b.s.d.posts.PostsRepositoryTest      : No active profile set, falling back to default profiles: default
2021-12-28 16:47:04.857  INFO 37600 --- [    Test worker] .s.d.r.c.RepositoryConfigurationDelegate : Bootstrapping Spring Data repositories in DEFAULT mode.
2021-12-28 16:47:04.929  INFO 37600 --- [    Test worker] .s.d.r.c.RepositoryConfigurationDelegate : Finished Spring Data repository scanning in 64ms. Found 1 repository interfaces.
2021-12-28 16:47:05.263  INFO 37600 --- [    Test worker] trationDelegate$BeanPostProcessorChecker : Bean 'org.springframework.transaction.annotation.ProxyTransactionManagementConfiguration' of type [org.springframework.transaction.annotation.ProxyTransactionManagementConfiguration$$EnhancerBySpringCGLIB$$43818058] is not eligible for getting processed by all BeanPostProcessors (for example: not eligible for auto-proxying)
2021-12-28 16:47:05.440  INFO 37600 --- [    Test worker] com.zaxxer.hikari.HikariDataSource       : HikariPool-1 - Starting...
2021-12-28 16:47:05.590  INFO 37600 --- [    Test worker] com.zaxxer.hikari.HikariDataSource       : HikariPool-1 - Start completed.
2021-12-28 16:47:05.665  INFO 37600 --- [    Test worker] o.hibernate.jpa.internal.util.LogHelper  : HHH000204: Processing PersistenceUnitInfo [
	name: default
	...]
2021-12-28 16:47:05.728  INFO 37600 --- [    Test worker] org.hibernate.Version                    : HHH000412: Hibernate Core {5.3.12.Final}
2021-12-28 16:47:05.729  INFO 37600 --- [    Test worker] org.hibernate.cfg.Environment            : HHH000206: hibernate.properties not found
2021-12-28 16:47:05.870  INFO 37600 --- [    Test worker] o.hibernate.annotations.common.Version   : HCANN000001: Hibernate Commons Annotations {5.0.4.Final}
2021-12-28 16:47:06.001  INFO 37600 --- [    Test worker] org.hibernate.dialect.Dialect            : HHH000400: Using dialect: org.hibernate.dialect.H2Dialect
2021-12-28 16:47:06.638  INFO 37600 --- [    Test worker] o.h.t.schema.internal.SchemaCreatorImpl  : HHH000476: Executing import script 'org.hibernate.tool.schema.internal.exec.ScriptSourceInputNonExistentImpl@573fb7a4'
2021-12-28 16:47:06.641  INFO 37600 --- [    Test worker] j.LocalContainerEntityManagerFactoryBean : Initialized JPA EntityManagerFactory for persistence unit 'default'
2021-12-28 16:47:07.403  INFO 37600 --- [    Test worker] o.h.h.i.QueryTranslatorFactoryInitiator  : HHH000397: Using ASTQueryTranslatorFactory
2021-12-28 16:47:07.519  INFO 37600 --- [    Test worker] o.s.s.concurrent.ThreadPoolTaskExecutor  : Initializing ExecutorService 'applicationTaskExecutor'
2021-12-28 16:47:07.580  WARN 37600 --- [    Test worker] aWebConfiguration$JpaWebMvcConfiguration : spring.jpa.open-in-view is enabled by default. Therefore, database queries may be performed during view rendering. Explicitly configure spring.jpa.open-in-view to disable this warning
2021-12-28 16:47:07.849  INFO 37600 --- [    Test worker] c.q.b.s.d.posts.PostsRepositoryTest      : Started PostsRepositoryTest in 3.85 seconds (JVM running for 4.883)
]]></system-out>
  <system-err><![CDATA[]]></system-err>
</testsuite>
